<?xml version="1.0" encoding="utf-8"?><testsuites name="pytest tests"><testsuite name="pytest" errors="0" failures="0" skipped="0" tests="9" time="3.618" timestamp="2026-04-14T11:34:04.675894+00:00" hostname="agent-env-e9827c90-3ad2-46fa-8394-264ca4ad061e"><testcase classname="backend.tests.test_admin_gallery.TestAdminAuth" name="test_admin_login_success" time="0.425" /><testcase classname="backend.tests.test_admin_gallery.TestAdminAuth" name="test_admin_login_invalid_credentials" time="0.111" /><testcase classname="backend.tests.test_admin_gallery.TestAdminGallery" name="test_get_gallery_items" time="0.478" /><testcase classname="backend.tests.test_admin_gallery.TestAdminGallery" name="test_create_gallery_item" time="0.474" /><testcase classname="backend.tests.test_admin_gallery.TestAdminGallery" name="test_delete_gallery_item" time="0.572" /><testcase classname="backend.tests.test_admin_gallery.TestAdminGallery" name="test_reorder_gallery" time="0.572" /><testcase classname="backend.tests.test_admin_gallery.TestPublicGallery" name="test_get_public_gallery" time="0.119" /><testcase classname="backend.tests.test_admin_gallery.TestPublicGallery" name="test_get_site_images" time="0.095" /><testcase classname="backend.tests.test_admin_gallery.TestAPIHealth" name="test_api_root" time="0.619" /></testsuite></testsuites>